<?xml version="1.0" encoding="utf-8" standalone="no"?>
<!--This file represents the results of running a test suite-->
<test-results name="C:\Users\terryt\Documents\Visual Studio 2010\Projects\GitHub Global\MissingLinq\MissingLinq.Tests\tests.nunit" total="3" errors="0" failures="0" not-run="0" inconclusive="0" ignored="0" skipped="0" invalid="0" date="2012-07-12" time="17:09:12">
  <environment nunit-version="2.5.10.11092" clr-version="2.0.50727.5456" os-version="Microsoft Windows NT 6.1.7601 Service Pack 1" platform="Win32NT" cwd="C:\Program Files (x86)\NUnit 2.5.10\bin\net-2.0" machine-name="TERRY-PC" user="terryt" user-domain="FRESHVIEW" />
  <culture-info current-culture="en-US" current-uiculture="en-US" />
  <test-suite type="Project" name="C:\Users\terryt\Documents\Visual Studio 2010\Projects\GitHub Global\MissingLinq\MissingLinq.Tests\tests.nunit" executed="True" result="Success" success="True" time="0.016" asserts="0">
    <results>
      <test-suite type="Assembly" name="C:\Users\terryt\Documents\Visual Studio 2010\Projects\GitHub Global\MissingLinq\MissingLinq.Tests\bin\Debug\MissingLinq.Tests.dll" executed="True" result="Success" success="True" time="0.016" asserts="0">
        <results>
          <test-suite type="Namespace" name="MissingLinq" executed="True" result="Success" success="True" time="0.016" asserts="0">
            <results>
              <test-suite type="Namespace" name="Tests" executed="True" result="Success" success="True" time="0.016" asserts="0">
                <results>
                  <test-suite type="TestFixture" name="RangeTests" executed="True" result="Success" success="True" time="0.016" asserts="0">
                    <results>
                      <test-suite type="ParameterizedTest" name="TestSumNumberRanges" executed="True" result="Success" success="True" time="0.016" asserts="0">
                        <results>
                          <test-case name="MissingLinq.Tests.RangeTests.TestSumNumberRanges(100,500,120300)" executed="True" result="Success" success="True" time="0.000" asserts="2" />
                          <test-case name="MissingLinq.Tests.RangeTests.TestSumNumberRanges(1,5000,12502500)" executed="True" result="Success" success="True" time="0.000" asserts="2" />
                          <test-case name="MissingLinq.Tests.RangeTests.TestSumNumberRanges(1,10,55)" executed="True" result="Success" success="True" time="0.000" asserts="2" />
                        </results>
                      </test-suite>
                    </results>
                  </test-suite>
                </results>
              </test-suite>
            </results>
          </test-suite>
        </results>
      </test-suite>
    </results>
  </test-suite>
</test-results>